{"level":"INFO","time":"2024-09-04T16:59:58.191+0800","caller":"init-tool/logger.go:36","msg":"init logger success"}
{"level":"ERROR","time":"2024-09-04T16:59:58.192+0800","caller":"init-tool/init-tools.go:21","msg":"init snowID failed,err: ","error":"parsing time \"\" as \"2006-01-02\": cannot parse \"\" as \"2006\""}
{"level":"INFO","time":"2024-09-04T17:01:25.740+0800","caller":"init-tool/logger.go:36","msg":"init logger success"}
{"level":"ERROR","time":"2024-09-04T17:01:25.741+0800","caller":"init-tool/init-tools.go:21","msg":"init snowID failed,err: ","error":"parsing time \"\" as \"2006-01-02\": cannot parse \"\" as \"2006\""}
{"level":"INFO","time":"2024-09-04T17:01:43.273+0800","caller":"init-tool/logger.go:36","msg":"init logger success"}
{"level":"ERROR","time":"2024-09-04T17:01:43.284+0800","caller":"init-tool/init-tools.go:21","msg":"init snowID failed,err: ","error":"parsing time \"\" as \"2006-01-02\": cannot parse \"\" as \"2006\""}
{"level":"INFO","time":"2024-09-04T17:04:26.170+0800","caller":"init-tool/logger.go:36","msg":"init logger success"}
{"level":"ERROR","time":"2024-09-04T17:04:26.170+0800","caller":"init-tool/init-tools.go:21","msg":"init snowID failed,err: ","error":"parsing time \"\" as \"2006-01-02\": cannot parse \"\" as \"2006\""}
{"level":"INFO","time":"2024-09-04T17:15:26.943+0800","caller":"init-tool/logger.go:36","msg":"init logger success"}
{"level":"ERROR","time":"2024-09-04T17:15:26.943+0800","caller":"init-tool/init-tools.go:21","msg":"init snowID failed,err: ","error":"parsing time \"\" as \"2006-01-02\": cannot parse \"\" as \"2006\""}
{"level":"INFO","time":"2024-09-04T17:29:33.252+0800","caller":"init-tool/logger.go:36","msg":"init logger success"}
{"level":"ERROR","time":"2024-09-04T17:29:33.252+0800","caller":"init-tool/init-tools.go:21","msg":"init snowID failed,err: ","error":"parsing time \"\" as \"2006-01-02\": cannot parse \"\" as \"2006\""}
{"level":"INFO","time":"2024-09-05T08:51:19.113+0800","caller":"init-tool/logger.go:36","msg":"init logger success"}
{"level":"ERROR","time":"2024-09-05T08:51:19.114+0800","caller":"init-tool/init-tools.go:21","msg":"init snowID failed,err: ","error":"parsing time \"\" as \"2006-01-02\": cannot parse \"\" as \"2006\""}
{"level":"INFO","time":"2024-09-05T08:53:57.681+0800","caller":"init-tool/logger.go:36","msg":"init logger success"}
{"level":"ERROR","time":"2024-09-05T08:53:57.682+0800","caller":"init-tool/init-tools.go:21","msg":"init snowID failed,err: ","error":"parsing time \"\" as \"2006-01-02\": cannot parse \"\" as \"2006\""}
{"level":"INFO","time":"2024-09-05T09:01:27.491+0800","caller":"init-tool/logger.go:36","msg":"init logger success"}
{"level":"ERROR","time":"2024-09-05T09:01:27.492+0800","caller":"init-tool/init-tools.go:21","msg":"init snowID failed,err: ","error":"parsing time \"\" as \"2006-01-02\": cannot parse \"\" as \"2006\""}
{"level":"INFO","time":"2024-09-05T09:03:03.881+0800","caller":"init-tool/logger.go:36","msg":"init logger success"}
{"level":"ERROR","time":"2024-09-05T09:03:03.882+0800","caller":"init-tool/init-tools.go:21","msg":"init snowID failed,err: ","error":"parsing time \"\" as \"2006-01-02\": cannot parse \"\" as \"2006\""}
{"level":"INFO","time":"2024-09-05T09:09:33.772+0800","caller":"init-tool/logger.go:36","msg":"init logger success"}
{"level":"ERROR","time":"2024-09-05T09:09:33.773+0800","caller":"init-tool/init-tools.go:21","msg":"init snowID failed,err: ","error":"parsing time \"\" as \"2006-01-02\": cannot parse \"\" as \"2006\""}
{"level":"INFO","time":"2024-09-05T10:39:16.589+0800","caller":"init-tool/logger.go:36","msg":"init logger success"}
{"level":"ERROR","time":"2024-09-05T10:39:16.589+0800","caller":"init-tool/init-tools.go:21","msg":"init snowID failed,err: ","error":"parsing time \"\" as \"2006-01-02\": cannot parse \"\" as \"2006\""}
{"level":"INFO","time":"2024-09-05T10:44:24.116+0800","caller":"init-tool/logger.go:36","msg":"init logger success"}
{"level":"ERROR","time":"2024-09-05T10:44:24.117+0800","caller":"init-tool/init-tools.go:21","msg":"init snowID failed,err: ","error":"parsing time \"\" as \"2006-01-02\": cannot parse \"\" as \"2006\""}
{"level":"INFO","time":"2024-09-05T15:44:44.702+0800","caller":"init-tool/logger.go:36","msg":"init logger success"}
{"level":"ERROR","time":"2024-09-05T15:44:44.703+0800","caller":"init-tool/init-tools.go:21","msg":"init snowID failed,err: ","error":"parsing time \"\" as \"2006-01-02\": cannot parse \"\" as \"2006\""}
{"level":"INFO","time":"2024-09-05T15:45:43.500+0800","caller":"init-tool/logger.go:36","msg":"init logger success"}
{"level":"ERROR","time":"2024-09-05T15:45:43.500+0800","caller":"init-tool/init-tools.go:21","msg":"init snowID failed,err: ","error":"parsing time \"\" as \"2006-01-02\": cannot parse \"\" as \"2006\""}
{"level":"INFO","time":"2024-09-05T15:46:26.784+0800","caller":"init-tool/logger.go:36","msg":"init logger success"}
{"level":"ERROR","time":"2024-09-05T15:46:26.784+0800","caller":"init-tool/init-tools.go:21","msg":"init snowID failed,err: ","error":"parsing time \"\" as \"2006-01-02\": cannot parse \"\" as \"2006\""}
{"level":"INFO","time":"2024-09-05T15:47:24.301+0800","caller":"init-tool/logger.go:36","msg":"init logger success"}
{"level":"ERROR","time":"2024-09-05T15:47:24.303+0800","caller":"init-tool/init-tools.go:21","msg":"init snowID failed,err: ","error":"parsing time \"\" as \"2006-01-02\": cannot parse \"\" as \"2006\""}
{"level":"INFO","time":"2024-09-05T15:48:08.539+0800","caller":"init-tool/logger.go:36","msg":"init logger success"}
{"level":"ERROR","time":"2024-09-05T15:48:08.540+0800","caller":"init-tool/init-tools.go:21","msg":"init snowID failed,err: ","error":"parsing time \"\" as \"2006-01-02\": cannot parse \"\" as \"2006\""}
{"level":"INFO","time":"2024-09-05T15:52:40.365+0800","caller":"init-tool/logger.go:36","msg":"init logger success"}
{"level":"ERROR","time":"2024-09-05T15:52:40.366+0800","caller":"init-tool/init-tools.go:21","msg":"init snowID failed,err: ","error":"parsing time \"\" as \"2006-01-02\": cannot parse \"\" as \"2006\""}
{"level":"INFO","time":"2024-09-05T15:56:08.665+0800","caller":"init-tool/logger.go:36","msg":"init logger success"}
{"level":"ERROR","time":"2024-09-05T15:56:08.665+0800","caller":"init-tool/init-tools.go:21","msg":"init snowID failed,err: ","error":"parsing time \"\" as \"2006-01-02\": cannot parse \"\" as \"2006\""}
{"level":"INFO","time":"2024-09-05T15:58:14.675+0800","caller":"init-tool/logger.go:36","msg":"init logger success"}
{"level":"ERROR","time":"2024-09-05T15:58:14.676+0800","caller":"init-tool/init-tools.go:21","msg":"init snowID failed,err: ","error":"parsing time \"\" as \"2006-01-02\": cannot parse \"\" as \"2006\""}
{"level":"INFO","time":"2024-09-05T15:59:25.459+0800","caller":"init-tool/logger.go:36","msg":"init logger success"}
{"level":"ERROR","time":"2024-09-05T15:59:25.460+0800","caller":"init-tool/init-tools.go:21","msg":"init snowID failed,err: ","error":"parsing time \"\" as \"2006-01-02\": cannot parse \"\" as \"2006\""}
{"level":"INFO","time":"2024-09-05T16:00:38.309+0800","caller":"init-tool/logger.go:36","msg":"init logger success"}
{"level":"ERROR","time":"2024-09-05T16:00:38.310+0800","caller":"init-tool/init-tools.go:21","msg":"init snowID failed,err: ","error":"parsing time \"\" as \"2006-01-02\": cannot parse \"\" as \"2006\""}
{"level":"FATAL","time":"2024-09-05T16:00:48.974+0800","caller":"handle/notify-handle.go:76","msg":"shibai"}
{"level":"INFO","time":"2024-09-05T16:01:05.780+0800","caller":"init-tool/logger.go:36","msg":"init logger success"}
{"level":"ERROR","time":"2024-09-05T16:01:05.780+0800","caller":"init-tool/init-tools.go:21","msg":"init snowID failed,err: ","error":"parsing time \"\" as \"2006-01-02\": cannot parse \"\" as \"2006\""}
{"level":"FATAL","time":"2024-09-05T16:01:16.303+0800","caller":"handle/notify-handle.go:76","msg":"shibai"}
{"level":"INFO","time":"2024-09-05T16:01:44.609+0800","caller":"init-tool/logger.go:36","msg":"init logger success"}
{"level":"ERROR","time":"2024-09-05T16:01:44.610+0800","caller":"init-tool/init-tools.go:21","msg":"init snowID failed,err: ","error":"parsing time \"\" as \"2006-01-02\": cannot parse \"\" as \"2006\""}
{"level":"INFO","time":"2024-09-05T16:02:23.167+0800","caller":"init-tool/logger.go:36","msg":"init logger success"}
{"level":"ERROR","time":"2024-09-05T16:02:23.167+0800","caller":"init-tool/init-tools.go:21","msg":"init snowID failed,err: ","error":"parsing time \"\" as \"2006-01-02\": cannot parse \"\" as \"2006\""}
{"level":"INFO","time":"2024-09-05T16:02:41.069+0800","caller":"init-tool/logger.go:36","msg":"init logger success"}
{"level":"ERROR","time":"2024-09-05T16:02:41.069+0800","caller":"init-tool/init-tools.go:21","msg":"init snowID failed,err: ","error":"parsing time \"\" as \"2006-01-02\": cannot parse \"\" as \"2006\""}
{"level":"INFO","time":"2024-09-05T16:05:32.452+0800","caller":"init-tool/logger.go:36","msg":"init logger success"}
{"level":"ERROR","time":"2024-09-05T16:05:32.453+0800","caller":"init-tool/init-tools.go:21","msg":"init snowID failed,err: ","error":"parsing time \"\" as \"2006-01-02\": cannot parse \"\" as \"2006\""}
{"level":"INFO","time":"2024-09-05T16:08:25.823+0800","caller":"init-tool/logger.go:36","msg":"init logger success"}
{"level":"ERROR","time":"2024-09-05T16:08:25.823+0800","caller":"init-tool/init-tools.go:21","msg":"init snowID failed,err: ","error":"parsing time \"\" as \"2006-01-02\": cannot parse \"\" as \"2006\""}
{"level":"INFO","time":"2024-09-05T17:05:24.187+0800","caller":"init-tool/logger.go:36","msg":"init logger success"}
{"level":"ERROR","time":"2024-09-05T17:05:24.191+0800","caller":"init-tool/init-tools.go:21","msg":"init snowID failed,err: ","error":"parsing time \"\" as \"2006-01-02\": cannot parse \"\" as \"2006\""}
{"level":"INFO","time":"2024-09-05T17:15:33.297+0800","caller":"init-tool/logger.go:36","msg":"init logger success"}
{"level":"ERROR","time":"2024-09-05T17:15:33.298+0800","caller":"init-tool/init-tools.go:21","msg":"init snowID failed,err: ","error":"parsing time \"\" as \"2006-01-02\": cannot parse \"\" as \"2006\""}
{"level":"INFO","time":"2024-09-05T17:29:05.369+0800","caller":"init-tool/logger.go:36","msg":"init logger success"}
{"level":"ERROR","time":"2024-09-05T17:29:05.370+0800","caller":"init-tool/init-tools.go:21","msg":"init snowID failed,err: ","error":"parsing time \"\" as \"2006-01-02\": cannot parse \"\" as \"2006\""}
{"level":"INFO","time":"2024-09-05T17:30:27.827+0800","caller":"init-tool/logger.go:36","msg":"init logger success"}
{"level":"ERROR","time":"2024-09-05T17:30:27.827+0800","caller":"init-tool/init-tools.go:21","msg":"init snowID failed,err: ","error":"parsing time \"\" as \"2006-01-02\": cannot parse \"\" as \"2006\""}
{"level":"INFO","time":"2024-09-05T17:33:20.009+0800","caller":"init-tool/logger.go:36","msg":"init logger success"}
{"level":"ERROR","time":"2024-09-05T17:33:20.010+0800","caller":"init-tool/init-tools.go:21","msg":"init snowID failed,err: ","error":"parsing time \"\" as \"2006-01-02\": cannot parse \"\" as \"2006\""}
{"level":"INFO","time":"2024-09-05T20:09:47.213+0800","caller":"init-tool/logger.go:36","msg":"init logger success"}
{"level":"ERROR","time":"2024-09-05T20:09:47.213+0800","caller":"init-tool/init-tools.go:21","msg":"init snowID failed,err: ","error":"parsing time \"\" as \"2006-01-02\": cannot parse \"\" as \"2006\""}
{"level":"INFO","time":"2024-09-05T20:10:36.655+0800","caller":"init-tool/logger.go:36","msg":"init logger success"}
{"level":"ERROR","time":"2024-09-05T20:10:36.656+0800","caller":"init-tool/init-tools.go:21","msg":"init snowID failed,err: ","error":"parsing time \"\" as \"2006-01-02\": cannot parse \"\" as \"2006\""}
{"level":"INFO","time":"2024-09-05T20:11:30.465+0800","caller":"init-tool/logger.go:36","msg":"init logger success"}
{"level":"ERROR","time":"2024-09-05T20:11:30.466+0800","caller":"init-tool/init-tools.go:21","msg":"init snowID failed,err: ","error":"parsing time \"\" as \"2006-01-02\": cannot parse \"\" as \"2006\""}
{"level":"INFO","time":"2024-09-05T20:19:01.540+0800","caller":"init-tool/logger.go:36","msg":"init logger success"}
{"level":"ERROR","time":"2024-09-05T20:19:01.541+0800","caller":"init-tool/init-tools.go:21","msg":"init snowID failed,err: ","error":"parsing time \"\" as \"2006-01-02\": cannot parse \"\" as \"2006\""}
{"level":"FATAL","time":"2024-09-05T20:19:12.189+0800","caller":"handle/notify-handle.go:78","msg":"shibai"}
{"level":"INFO","time":"2024-09-05T20:19:51.405+0800","caller":"init-tool/logger.go:36","msg":"init logger success"}
{"level":"ERROR","time":"2024-09-05T20:19:51.405+0800","caller":"init-tool/init-tools.go:21","msg":"init snowID failed,err: ","error":"parsing time \"\" as \"2006-01-02\": cannot parse \"\" as \"2006\""}
{"level":"FATAL","time":"2024-09-05T20:20:01.508+0800","caller":"handle/notify-handle.go:78","msg":"shibai"}
{"level":"INFO","time":"2024-09-05T20:20:28.250+0800","caller":"init-tool/logger.go:36","msg":"init logger success"}
{"level":"ERROR","time":"2024-09-05T20:20:28.251+0800","caller":"init-tool/init-tools.go:21","msg":"init snowID failed,err: ","error":"parsing time \"\" as \"2006-01-02\": cannot parse \"\" as \"2006\""}
{"level":"FATAL","time":"2024-09-05T20:20:38.252+0800","caller":"handle/notify-handle.go:78","msg":"shibai"}
{"level":"INFO","time":"2024-09-05T20:46:10.587+0800","caller":"init-tool/logger.go:36","msg":"init logger success"}
{"level":"ERROR","time":"2024-09-05T20:46:10.588+0800","caller":"init-tool/init-tools.go:21","msg":"init snowID failed,err: ","error":"parsing time \"\" as \"2006-01-02\": cannot parse \"\" as \"2006\""}
{"level":"INFO","time":"2024-09-06T08:56:06.686+0800","caller":"init-tool/logger.go:36","msg":"init logger success"}
{"level":"ERROR","time":"2024-09-06T08:56:06.687+0800","caller":"init-tool/init-tools.go:21","msg":"init snowID failed,err: ","error":"parsing time \"\" as \"2006-01-02\": cannot parse \"\" as \"2006\""}
{"level":"INFO","time":"2024-09-06T08:56:58.216+0800","caller":"init-tool/logger.go:36","msg":"init logger success"}
{"level":"ERROR","time":"2024-09-06T08:56:58.217+0800","caller":"init-tool/init-tools.go:21","msg":"init snowID failed,err: ","error":"parsing time \"\" as \"2006-01-02\": cannot parse \"\" as \"2006\""}
{"level":"INFO","time":"2024-09-06T08:57:24.649+0800","caller":"init-tool/logger.go:36","msg":"init logger success"}
{"level":"ERROR","time":"2024-09-06T08:57:24.650+0800","caller":"init-tool/init-tools.go:21","msg":"init snowID failed,err: ","error":"parsing time \"\" as \"2006-01-02\": cannot parse \"\" as \"2006\""}
{"level":"INFO","time":"2024-09-06T08:57:32.632+0800","caller":"init-tool/logger.go:36","msg":"init logger success"}
{"level":"ERROR","time":"2024-09-06T08:57:32.632+0800","caller":"init-tool/init-tools.go:21","msg":"init snowID failed,err: ","error":"parsing time \"\" as \"2006-01-02\": cannot parse \"\" as \"2006\""}
{"level":"INFO","time":"2024-09-06T09:01:27.471+0800","caller":"init-tool/logger.go:36","msg":"init logger success"}
{"level":"ERROR","time":"2024-09-06T09:01:27.471+0800","caller":"init-tool/init-tools.go:21","msg":"init snowID failed,err: ","error":"parsing time \"\" as \"2006-01-02\": cannot parse \"\" as \"2006\""}
{"level":"INFO","time":"2024-09-06T09:04:44.951+0800","caller":"init-tool/logger.go:36","msg":"init logger success"}
{"level":"ERROR","time":"2024-09-06T09:04:44.952+0800","caller":"init-tool/init-tools.go:21","msg":"init snowID failed,err: ","error":"parsing time \"\" as \"2006-01-02\": cannot parse \"\" as \"2006\""}
{"level":"INFO","time":"2024-09-06T09:06:25.211+0800","caller":"init-tool/logger.go:36","msg":"init logger success"}
{"level":"ERROR","time":"2024-09-06T09:06:25.211+0800","caller":"init-tool/init-tools.go:21","msg":"init snowID failed,err: ","error":"parsing time \"\" as \"2006-01-02\": cannot parse \"\" as \"2006\""}
{"level":"FATAL","time":"2024-09-06T09:06:35.342+0800","caller":"handle/notify-handle.go:81","msg":"shibai"}
{"level":"INFO","time":"2024-09-06T09:06:55.763+0800","caller":"init-tool/logger.go:36","msg":"init logger success"}
{"level":"ERROR","time":"2024-09-06T09:06:55.764+0800","caller":"init-tool/init-tools.go:21","msg":"init snowID failed,err: ","error":"parsing time \"\" as \"2006-01-02\": cannot parse \"\" as \"2006\""}
{"level":"FATAL","time":"2024-09-06T09:07:05.870+0800","caller":"handle/notify-handle.go:81","msg":"shibai"}
{"level":"INFO","time":"2024-09-06T09:08:45.775+0800","caller":"init-tool/logger.go:36","msg":"init logger success"}
{"level":"ERROR","time":"2024-09-06T09:08:45.776+0800","caller":"init-tool/init-tools.go:21","msg":"init snowID failed,err: ","error":"parsing time \"\" as \"2006-01-02\": cannot parse \"\" as \"2006\""}
{"level":"FATAL","time":"2024-09-06T09:08:55.849+0800","caller":"handle/notify-handle.go:80","msg":"shibai"}
{"level":"INFO","time":"2024-09-06T09:17:41.807+0800","caller":"init-tool/logger.go:36","msg":"init logger success"}
{"level":"ERROR","time":"2024-09-06T09:17:41.807+0800","caller":"init-tool/init-tools.go:21","msg":"init snowID failed,err: ","error":"parsing time \"\" as \"2006-01-02\": cannot parse \"\" as \"2006\""}
{"level":"INFO","time":"2024-09-06T09:39:29.937+0800","caller":"init-tool/logger.go:36","msg":"init logger success"}
{"level":"ERROR","time":"2024-09-06T09:39:29.937+0800","caller":"init-tool/init-tools.go:21","msg":"init snowID failed,err: ","error":"parsing time \"\" as \"2006-01-02\": cannot parse \"\" as \"2006\""}
{"level":"INFO","time":"2024-09-06T09:55:32.411+0800","caller":"init-tool/logger.go:36","msg":"init logger success"}
{"level":"ERROR","time":"2024-09-06T09:55:32.411+0800","caller":"init-tool/init-tools.go:21","msg":"init snowID failed,err: ","error":"parsing time \"\" as \"2006-01-02\": cannot parse \"\" as \"2006\""}
{"level":"INFO","time":"2024-09-06T09:57:20.051+0800","caller":"init-tool/logger.go:36","msg":"init logger success"}
{"level":"ERROR","time":"2024-09-06T09:57:20.052+0800","caller":"init-tool/init-tools.go:21","msg":"init snowID failed,err: ","error":"parsing time \"\" as \"2006-01-02\": cannot parse \"\" as \"2006\""}
{"level":"INFO","time":"2024-09-06T09:58:58.135+0800","caller":"init-tool/logger.go:36","msg":"init logger success"}
{"level":"ERROR","time":"2024-09-06T09:58:58.136+0800","caller":"init-tool/init-tools.go:21","msg":"init snowID failed,err: ","error":"parsing time \"\" as \"2006-01-02\": cannot parse \"\" as \"2006\""}
{"level":"INFO","time":"2024-09-06T09:59:34.326+0800","caller":"init-tool/logger.go:36","msg":"init logger success"}
{"level":"ERROR","time":"2024-09-06T09:59:34.328+0800","caller":"init-tool/init-tools.go:21","msg":"init snowID failed,err: ","error":"parsing time \"\" as \"2006-01-02\": cannot parse \"\" as \"2006\""}
{"level":"INFO","time":"2024-09-06T10:00:41.468+0800","caller":"init-tool/logger.go:36","msg":"init logger success"}
{"level":"ERROR","time":"2024-09-06T10:00:41.468+0800","caller":"init-tool/init-tools.go:21","msg":"init snowID failed,err: ","error":"parsing time \"\" as \"2006-01-02\": cannot parse \"\" as \"2006\""}
{"level":"INFO","time":"2024-09-06T10:00:45.077+0800","caller":"init-tool/logger.go:36","msg":"init logger success"}
{"level":"ERROR","time":"2024-09-06T10:00:45.077+0800","caller":"init-tool/init-tools.go:21","msg":"init snowID failed,err: ","error":"parsing time \"\" as \"2006-01-02\": cannot parse \"\" as \"2006\""}
{"level":"INFO","time":"2024-09-06T10:02:35.276+0800","caller":"init-tool/logger.go:36","msg":"init logger success"}
{"level":"ERROR","time":"2024-09-06T10:02:35.277+0800","caller":"init-tool/init-tools.go:21","msg":"init snowID failed,err: ","error":"parsing time \"\" as \"2006-01-02\": cannot parse \"\" as \"2006\""}
{"level":"INFO","time":"2024-09-06T10:09:56.047+0800","caller":"init-tool/logger.go:36","msg":"init logger success"}
{"level":"ERROR","time":"2024-09-06T10:09:56.048+0800","caller":"init-tool/init-tools.go:21","msg":"init snowID failed,err: ","error":"parsing time \"\" as \"2006-01-02\": cannot parse \"\" as \"2006\""}
{"level":"INFO","time":"2024-09-06T10:11:42.344+0800","caller":"init-tool/logger.go:36","msg":"init logger success"}
{"level":"ERROR","time":"2024-09-06T10:11:42.345+0800","caller":"init-tool/init-tools.go:21","msg":"init snowID failed,err: ","error":"parsing time \"\" as \"2006-01-02\": cannot parse \"\" as \"2006\""}
{"level":"INFO","time":"2024-09-06T10:12:05.798+0800","caller":"init-tool/logger.go:36","msg":"init logger success"}
{"level":"ERROR","time":"2024-09-06T10:12:05.799+0800","caller":"init-tool/init-tools.go:21","msg":"init snowID failed,err: ","error":"parsing time \"\" as \"2006-01-02\": cannot parse \"\" as \"2006\""}
{"level":"INFO","time":"2024-09-06T10:12:33.616+0800","caller":"init-tool/logger.go:36","msg":"init logger success"}
{"level":"ERROR","time":"2024-09-06T10:12:33.618+0800","caller":"init-tool/init-tools.go:21","msg":"init snowID failed,err: ","error":"parsing time \"\" as \"2006-01-02\": cannot parse \"\" as \"2006\""}
{"level":"INFO","time":"2024-09-06T10:14:00.830+0800","caller":"init-tool/logger.go:36","msg":"init logger success"}
{"level":"ERROR","time":"2024-09-06T10:14:00.832+0800","caller":"init-tool/init-tools.go:21","msg":"init snowID failed,err: ","error":"parsing time \"\" as \"2006-01-02\": cannot parse \"\" as \"2006\""}
{"level":"INFO","time":"2024-09-06T10:15:30.152+0800","caller":"init-tool/logger.go:36","msg":"init logger success"}
{"level":"ERROR","time":"2024-09-06T10:15:30.153+0800","caller":"init-tool/init-tools.go:21","msg":"init snowID failed,err: ","error":"parsing time \"\" as \"2006-01-02\": cannot parse \"\" as \"2006\""}
{"level":"INFO","time":"2024-09-09T08:29:33.131+0800","caller":"init-tool/logger.go:36","msg":"init logger success"}
{"level":"ERROR","time":"2024-09-09T08:29:33.133+0800","caller":"init-tool/init-tools.go:21","msg":"init snowID failed,err: ","error":"parsing time \"\" as \"2006-01-02\": cannot parse \"\" as \"2006\""}
{"level":"INFO","time":"2024-09-09T08:34:26.881+0800","caller":"init-tool/logger.go:36","msg":"init logger success"}
{"level":"ERROR","time":"2024-09-09T08:34:26.882+0800","caller":"init-tool/init-tools.go:21","msg":"init snowID failed,err: ","error":"parsing time \"\" as \"2006-01-02\": cannot parse \"\" as \"2006\""}
{"level":"INFO","time":"2024-09-09T08:35:58.349+0800","caller":"init-tool/logger.go:36","msg":"init logger success"}
{"level":"ERROR","time":"2024-09-09T08:35:58.349+0800","caller":"init-tool/init-tools.go:21","msg":"init snowID failed,err: ","error":"parsing time \"\" as \"2006-01-02\": cannot parse \"\" as \"2006\""}
{"level":"INFO","time":"2024-09-09T08:38:03.754+0800","caller":"init-tool/logger.go:36","msg":"init logger success"}
{"level":"ERROR","time":"2024-09-09T08:38:03.755+0800","caller":"init-tool/init-tools.go:21","msg":"init snowID failed,err: ","error":"parsing time \"\" as \"2006-01-02\": cannot parse \"\" as \"2006\""}
{"level":"INFO","time":"2024-09-09T08:40:54.297+0800","caller":"init-tool/logger.go:36","msg":"init logger success"}
{"level":"ERROR","time":"2024-09-09T08:40:54.297+0800","caller":"init-tool/init-tools.go:21","msg":"init snowID failed,err: ","error":"parsing time \"\" as \"2006-01-02\": cannot parse \"\" as \"2006\""}
{"level":"INFO","time":"2024-09-09T08:44:27.925+0800","caller":"init-tool/logger.go:36","msg":"init logger success"}
{"level":"ERROR","time":"2024-09-09T08:44:27.925+0800","caller":"init-tool/init-tools.go:21","msg":"init snowID failed,err: ","error":"parsing time \"\" as \"2006-01-02\": cannot parse \"\" as \"2006\""}
{"level":"INFO","time":"2024-09-09T08:47:28.082+0800","caller":"init-tool/logger.go:36","msg":"init logger success"}
{"level":"ERROR","time":"2024-09-09T08:47:28.083+0800","caller":"init-tool/init-tools.go:21","msg":"init snowID failed,err: ","error":"parsing time \"\" as \"2006-01-02\": cannot parse \"\" as \"2006\""}
{"level":"INFO","time":"2024-09-09T08:47:50.997+0800","caller":"init-tool/logger.go:36","msg":"init logger success"}
{"level":"ERROR","time":"2024-09-09T08:47:50.997+0800","caller":"init-tool/init-tools.go:21","msg":"init snowID failed,err: ","error":"parsing time \"\" as \"2006-01-02\": cannot parse \"\" as \"2006\""}
{"level":"INFO","time":"2024-09-09T08:48:21.536+0800","caller":"init-tool/logger.go:36","msg":"init logger success"}
{"level":"ERROR","time":"2024-09-09T08:48:21.537+0800","caller":"init-tool/init-tools.go:21","msg":"init snowID failed,err: ","error":"parsing time \"\" as \"2006-01-02\": cannot parse \"\" as \"2006\""}
{"level":"INFO","time":"2024-09-09T08:49:02.037+0800","caller":"init-tool/logger.go:36","msg":"init logger success"}
{"level":"ERROR","time":"2024-09-09T08:49:02.038+0800","caller":"init-tool/init-tools.go:21","msg":"init snowID failed,err: ","error":"parsing time \"\" as \"2006-01-02\": cannot parse \"\" as \"2006\""}
{"level":"INFO","time":"2024-09-09T08:49:30.587+0800","caller":"init-tool/logger.go:36","msg":"init logger success"}
{"level":"ERROR","time":"2024-09-09T08:49:30.587+0800","caller":"init-tool/init-tools.go:21","msg":"init snowID failed,err: ","error":"parsing time \"\" as \"2006-01-02\": cannot parse \"\" as \"2006\""}
{"level":"INFO","time":"2024-09-09T08:51:31.700+0800","caller":"init-tool/logger.go:36","msg":"init logger success"}
{"level":"ERROR","time":"2024-09-09T08:51:31.700+0800","caller":"init-tool/init-tools.go:21","msg":"init snowID failed,err: ","error":"parsing time \"\" as \"2006-01-02\": cannot parse \"\" as \"2006\""}
{"level":"INFO","time":"2024-09-09T08:52:26.697+0800","caller":"init-tool/logger.go:36","msg":"init logger success"}
{"level":"ERROR","time":"2024-09-09T08:52:26.698+0800","caller":"init-tool/init-tools.go:21","msg":"init snowID failed,err: ","error":"parsing time \"\" as \"2006-01-02\": cannot parse \"\" as \"2006\""}
{"level":"INFO","time":"2024-09-09T08:53:13.072+0800","caller":"init-tool/logger.go:36","msg":"init logger success"}
{"level":"ERROR","time":"2024-09-09T08:53:13.073+0800","caller":"init-tool/init-tools.go:21","msg":"init snowID failed,err: ","error":"parsing time \"\" as \"2006-01-02\": cannot parse \"\" as \"2006\""}
{"level":"INFO","time":"2024-09-09T08:53:55.406+0800","caller":"init-tool/logger.go:36","msg":"init logger success"}
{"level":"ERROR","time":"2024-09-09T08:53:55.407+0800","caller":"init-tool/init-tools.go:21","msg":"init snowID failed,err: ","error":"parsing time \"\" as \"2006-01-02\": cannot parse \"\" as \"2006\""}
{"level":"INFO","time":"2024-09-09T08:56:49.507+0800","caller":"init-tool/logger.go:36","msg":"init logger success"}
{"level":"ERROR","time":"2024-09-09T08:56:49.544+0800","caller":"init-tool/init-tools.go:21","msg":"init snowID failed,err: ","error":"parsing time \"\" as \"2006-01-02\": cannot parse \"\" as \"2006\""}
{"level":"INFO","time":"2024-09-09T08:57:53.324+0800","caller":"init-tool/logger.go:36","msg":"init logger success"}
{"level":"ERROR","time":"2024-09-09T08:57:53.380+0800","caller":"init-tool/init-tools.go:26","msg":"init mysql failed,err: ","error":"dial tcp: lookup tcp/%!d(string=3308): getaddrinfow: The specified class was not found."}
{"level":"INFO","time":"2024-09-09T08:58:30.758+0800","caller":"init-tool/logger.go:36","msg":"init logger success"}
{"level":"ERROR","time":"2024-09-09T08:59:09.254+0800","caller":"init-tool/init-tools.go:26","msg":"init mysql failed,err: ","error":"dial tcp: lookup tcp/%!d(string=3308): getaddrinfow: The specified class was not found."}
{"level":"INFO","time":"2024-09-09T09:00:16.418+0800","caller":"init-tool/logger.go:36","msg":"init logger success"}
{"level":"INFO","time":"2024-09-09T09:02:24.713+0800","caller":"init-tool/logger.go:36","msg":"init logger success"}
{"level":"INFO","time":"2024-09-09T09:02:54.006+0800","caller":"init-tool/logger.go:36","msg":"init logger success"}
{"level":"ERROR","time":"2024-09-09T09:02:54.435+0800","caller":"handle/notify-handle.go:139","msg":"获取项目失败:","error":"model value required"}
{"level":"ERROR","time":"2024-09-09T09:02:54.559+0800","caller":"handle/notify-handle.go:139","msg":"获取项目失败:","error":"model value required"}
{"level":"ERROR","time":"2024-09-09T09:02:54.678+0800","caller":"handle/notify-handle.go:139","msg":"获取项目失败:","error":"model value required"}
{"level":"ERROR","time":"2024-09-09T09:02:54.786+0800","caller":"handle/notify-handle.go:139","msg":"获取项目失败:","error":"model value required"}
{"level":"ERROR","time":"2024-09-09T09:02:54.894+0800","caller":"handle/notify-handle.go:139","msg":"获取项目失败:","error":"model value required"}
{"level":"ERROR","time":"2024-09-09T09:02:55.006+0800","caller":"handle/notify-handle.go:139","msg":"获取项目失败:","error":"model value required"}
{"level":"ERROR","time":"2024-09-09T09:02:55.158+0800","caller":"handle/notify-handle.go:139","msg":"获取项目失败:","error":"model value required"}
{"level":"ERROR","time":"2024-09-09T09:02:55.267+0800","caller":"handle/notify-handle.go:139","msg":"获取项目失败:","error":"model value required"}
{"level":"ERROR","time":"2024-09-09T09:02:55.382+0800","caller":"handle/notify-handle.go:139","msg":"获取项目失败:","error":"model value required"}
{"level":"ERROR","time":"2024-09-09T09:02:55.497+0800","caller":"handle/notify-handle.go:139","msg":"获取项目失败:","error":"model value required"}
{"level":"INFO","time":"2024-09-09T09:03:49.729+0800","caller":"init-tool/logger.go:36","msg":"init logger success"}
{"level":"ERROR","time":"2024-09-09T09:03:50.491+0800","caller":"handle/notify-handle.go:167","msg":"消息发送失败:","error":"错误描述:关键词不匹配;解决方案:请联系群管理员查看此机器人的关键词，并在发送的信息中包含此关键词;"}
{"level":"ERROR","time":"2024-09-09T09:03:50.670+0800","caller":"handle/notify-handle.go:167","msg":"消息发送失败:","error":"错误描述:关键词不匹配;解决方案:请联系群管理员查看此机器人的关键词，并在发送的信息中包含此关键词;"}
{"level":"ERROR","time":"2024-09-09T09:03:50.852+0800","caller":"handle/notify-handle.go:167","msg":"消息发送失败:","error":"错误描述:关键词不匹配;解决方案:请联系群管理员查看此机器人的关键词，并在发送的信息中包含此关键词;"}
{"level":"ERROR","time":"2024-09-09T09:03:51.003+0800","caller":"handle/notify-handle.go:167","msg":"消息发送失败:","error":"错误描述:关键词不匹配;解决方案:请联系群管理员查看此机器人的关键词，并在发送的信息中包含此关键词;"}
{"level":"ERROR","time":"2024-09-09T09:03:51.139+0800","caller":"handle/notify-handle.go:167","msg":"消息发送失败:","error":"错误描述:关键词不匹配;解决方案:请联系群管理员查看此机器人的关键词，并在发送的信息中包含此关键词;"}
{"level":"ERROR","time":"2024-09-09T09:03:51.294+0800","caller":"handle/notify-handle.go:167","msg":"消息发送失败:","error":"错误描述:关键词不匹配;解决方案:请联系群管理员查看此机器人的关键词，并在发送的信息中包含此关键词;"}
{"level":"ERROR","time":"2024-09-09T09:03:51.451+0800","caller":"handle/notify-handle.go:167","msg":"消息发送失败:","error":"错误描述:关键词不匹配;解决方案:请联系群管理员查看此机器人的关键词，并在发送的信息中包含此关键词;"}
{"level":"ERROR","time":"2024-09-09T09:03:51.609+0800","caller":"handle/notify-handle.go:167","msg":"消息发送失败:","error":"错误描述:关键词不匹配;解决方案:请联系群管理员查看此机器人的关键词，并在发送的信息中包含此关键词;"}
{"level":"ERROR","time":"2024-09-09T09:03:51.764+0800","caller":"handle/notify-handle.go:167","msg":"消息发送失败:","error":"错误描述:关键词不匹配;解决方案:请联系群管理员查看此机器人的关键词，并在发送的信息中包含此关键词;"}
{"level":"ERROR","time":"2024-09-09T09:03:51.914+0800","caller":"handle/notify-handle.go:167","msg":"消息发送失败:","error":"错误描述:关键词不匹配;解决方案:请联系群管理员查看此机器人的关键词，并在发送的信息中包含此关键词;"}
{"level":"INFO","time":"2024-09-09T09:05:07.768+0800","caller":"init-tool/logger.go:36","msg":"init logger success"}
{"level":"ERROR","time":"2024-09-09T09:08:49.007+0800","caller":"handle/notify-handle.go:168","msg":"消息发送失败:","error":"错误描述:关键词不匹配;解决方案:请联系群管理员查看此机器人的关键词，并在发送的信息中包含此关键词;"}
{"level":"INFO","time":"2024-09-09T09:08:53.895+0800","caller":"init-tool/logger.go:36","msg":"init logger success"}
{"level":"ERROR","time":"2024-09-09T09:12:17.211+0800","caller":"handle/notify-handle.go:168","msg":"消息发送失败:","error":"错误描述:关键词不匹配;解决方案:请联系群管理员查看此机器人的关键词，并在发送的信息中包含此关键词;"}
{"level":"INFO","time":"2024-09-09T09:12:24.487+0800","caller":"init-tool/logger.go:36","msg":"init logger success"}
{"level":"INFO","time":"2024-09-09T09:13:32.064+0800","caller":"init-tool/logger.go:36","msg":"init logger success"}
{"level":"INFO","time":"2024-09-09T09:20:48.851+0800","caller":"init-tool/logger.go:36","msg":"init logger success"}
{"level":"INFO","time":"2024-09-09T09:26:10.098+0800","caller":"init-tool/logger.go:36","msg":"init logger success"}
{"level":"INFO","time":"2024-09-09T09:27:13.709+0800","caller":"init-tool/logger.go:36","msg":"init logger success"}
{"level":"INFO","time":"2024-09-09T09:30:15.947+0800","caller":"init-tool/logger.go:36","msg":"init logger success"}
{"level":"INFO","time":"2024-09-09T09:51:01.845+0800","caller":"init-tool/logger.go:36","msg":"init logger success"}
{"level":"INFO","time":"2024-09-09T10:21:12.029+0800","caller":"init-tool/logger.go:36","msg":"init logger success"}
{"level":"INFO","time":"2024-09-09T10:24:01.439+0800","caller":"init-tool/logger.go:36","msg":"init logger success"}
{"level":"INFO","time":"2024-09-09T10:25:54.394+0800","caller":"init-tool/logger.go:36","msg":"init logger success"}
{"level":"INFO","time":"2024-09-09T10:28:59.818+0800","caller":"init-tool/logger.go:36","msg":"init logger success"}
{"level":"INFO","time":"2024-09-09T10:45:49.153+0800","caller":"init-tool/logger.go:36","msg":"init logger success"}
{"level":"INFO","time":"2024-09-09T10:50:10.025+0800","caller":"init-tool/logger.go:36","msg":"init logger success"}
{"level":"INFO","time":"2024-09-09T10:52:43.961+0800","caller":"init-tool/logger.go:36","msg":"init logger success"}
{"level":"INFO","time":"2024-09-09T10:53:39.574+0800","caller":"init-tool/logger.go:36","msg":"init logger success"}
{"level":"INFO","time":"2024-09-09T10:55:25.815+0800","caller":"init-tool/logger.go:36","msg":"init logger success"}
{"level":"INFO","time":"2024-09-09T10:56:54.055+0800","caller":"init-tool/logger.go:36","msg":"init logger success"}
{"level":"INFO","time":"2024-09-09T10:58:17.231+0800","caller":"init-tool/logger.go:36","msg":"init logger success"}
{"level":"ERROR","time":"2024-09-09T10:58:17.351+0800","caller":"handle/notify-handle.go:121","msg":"反序列化失败:","error":"json: Unmarshal(non-pointer mysql.Position)"}
{"level":"INFO","time":"2024-09-09T10:59:09.373+0800","caller":"init-tool/logger.go:36","msg":"init logger success"}
{"level":"ERROR","time":"2024-09-09T10:59:09.536+0800","caller":"handle/notify-handle.go:121","msg":"反序列化失败:","error":"json: Unmarshal(nil *mysql.Position)"}
{"level":"INFO","time":"2024-09-09T11:03:06.875+0800","caller":"init-tool/logger.go:36","msg":"init logger success"}
{"level":"ERROR","time":"2024-09-09T11:03:07.022+0800","caller":"handle/notify-handle.go:121","msg":"反序列化失败:","error":"json: Unmarshal(non-pointer model.Potion)"}
{"level":"INFO","time":"2024-09-09T11:04:16.162+0800","caller":"init-tool/logger.go:36","msg":"init logger success"}
{"level":"INFO","time":"2024-09-09T11:05:04.716+0800","caller":"init-tool/logger.go:36","msg":"init logger success"}
{"level":"INFO","time":"2024-09-09T11:06:50.912+0800","caller":"init-tool/logger.go:36","msg":"init logger success"}
{"level":"INFO","time":"2024-09-09T11:07:29.258+0800","caller":"init-tool/logger.go:36","msg":"init logger success"}
{"level":"INFO","time":"2024-09-09T11:08:16.939+0800","caller":"init-tool/logger.go:36","msg":"init logger success"}
{"level":"INFO","time":"2024-09-09T11:27:29.730+0800","caller":"init-tool/logger.go:36","msg":"init logger success"}
{"level":"INFO","time":"2024-09-09T14:43:26.180+0800","caller":"init-tool/logger.go:36","msg":"init logger success"}
{"level":"INFO","time":"2024-09-09T14:44:31.606+0800","caller":"init-tool/logger.go:36","msg":"init logger success"}
{"level":"INFO","time":"2024-09-09T14:46:24.685+0800","caller":"init-tool/logger.go:36","msg":"init logger success"}
{"level":"INFO","time":"2024-09-09T14:52:50.356+0800","caller":"init-tool/logger.go:36","msg":"init logger success"}
{"level":"INFO","time":"2024-09-09T14:56:11.949+0800","caller":"init-tool/logger.go:36","msg":"init logger success"}
{"level":"INFO","time":"2024-09-09T14:58:42.159+0800","caller":"init-tool/logger.go:36","msg":"init logger success"}
{"level":"INFO","time":"2024-09-09T15:01:01.436+0800","caller":"init-tool/logger.go:36","msg":"init logger success"}
{"level":"INFO","time":"2024-09-09T15:01:45.269+0800","caller":"init-tool/logger.go:36","msg":"init logger success"}
{"level":"INFO","time":"2024-09-09T15:07:28.069+0800","caller":"init-tool/logger.go:36","msg":"init logger success"}
{"level":"INFO","time":"2024-09-06T10:19:49.539+0800","caller":"init-tool/logger.go:36","msg":"init logger success"}
{"level":"ERROR","time":"2024-09-06T10:19:49.548+0800","caller":"init-tool/init-tools.go:21","msg":"init snowID failed,err: ","error":"parsing time \"\" as \"2006-01-02\": cannot parse \"\" as \"2006\""}
{"level":"INFO","time":"2024-09-06T10:21:46.149+0800","caller":"init-tool/logger.go:36","msg":"init logger success"}
{"level":"ERROR","time":"2024-09-06T10:21:46.151+0800","caller":"init-tool/init-tools.go:21","msg":"init snowID failed,err: ","error":"parsing time \"\" as \"2006-01-02\": cannot parse \"\" as \"2006\""}
{"level":"INFO","time":"2024-09-06T10:24:10.745+0800","caller":"init-tool/logger.go:36","msg":"init logger success"}
{"level":"ERROR","time":"2024-09-06T10:24:10.746+0800","caller":"init-tool/init-tools.go:21","msg":"init snowID failed,err: ","error":"parsing time \"\" as \"2006-01-02\": cannot parse \"\" as \"2006\""}
{"level":"INFO","time":"2024-09-06T10:24:17.780+0800","caller":"init-tool/logger.go:36","msg":"init logger success"}
{"level":"ERROR","time":"2024-09-06T10:24:17.782+0800","caller":"init-tool/init-tools.go:21","msg":"init snowID failed,err: ","error":"parsing time \"\" as \"2006-01-02\": cannot parse \"\" as \"2006\""}
{"level":"INFO","time":"2024-09-06T10:26:00.430+0800","caller":"init-tool/logger.go:36","msg":"init logger success"}
{"level":"ERROR","time":"2024-09-06T10:26:00.430+0800","caller":"init-tool/init-tools.go:21","msg":"init snowID failed,err: ","error":"parsing time \"\" as \"2006-01-02\": cannot parse \"\" as \"2006\""}
{"level":"INFO","time":"2024-09-06T10:26:58.521+0800","caller":"init-tool/logger.go:36","msg":"init logger success"}
{"level":"ERROR","time":"2024-09-06T10:26:58.522+0800","caller":"init-tool/init-tools.go:21","msg":"init snowID failed,err: ","error":"parsing time \"\" as \"2006-01-02\": cannot parse \"\" as \"2006\""}
{"level":"INFO","time":"2024-09-06T10:27:21.217+0800","caller":"init-tool/logger.go:36","msg":"init logger success"}
{"level":"ERROR","time":"2024-09-06T10:27:21.217+0800","caller":"init-tool/init-tools.go:21","msg":"init snowID failed,err: ","error":"parsing time \"\" as \"2006-01-02\": cannot parse \"\" as \"2006\""}
{"level":"INFO","time":"2024-09-06T10:28:37.581+0800","caller":"init-tool/logger.go:36","msg":"init logger success"}
{"level":"ERROR","time":"2024-09-06T10:28:37.582+0800","caller":"init-tool/init-tools.go:21","msg":"init snowID failed,err: ","error":"parsing time \"\" as \"2006-01-02\": cannot parse \"\" as \"2006\""}
{"level":"INFO","time":"2024-09-06T10:31:10.487+0800","caller":"init-tool/logger.go:36","msg":"init logger success"}
{"level":"ERROR","time":"2024-09-06T10:31:10.488+0800","caller":"init-tool/init-tools.go:21","msg":"init snowID failed,err: ","error":"parsing time \"\" as \"2006-01-02\": cannot parse \"\" as \"2006\""}
{"level":"INFO","time":"2024-09-06T10:31:34.467+0800","caller":"init-tool/logger.go:36","msg":"init logger success"}
{"level":"ERROR","time":"2024-09-06T10:31:34.506+0800","caller":"init-tool/init-tools.go:21","msg":"init snowID failed,err: ","error":"parsing time \"\" as \"2006-01-02\": cannot parse \"\" as \"2006\""}
{"level":"INFO","time":"2024-09-06T10:33:15.346+0800","caller":"init-tool/logger.go:36","msg":"init logger success"}
{"level":"ERROR","time":"2024-09-06T10:33:15.347+0800","caller":"init-tool/init-tools.go:21","msg":"init snowID failed,err: ","error":"parsing time \"\" as \"2006-01-02\": cannot parse \"\" as \"2006\""}
{"level":"INFO","time":"2024-09-06T10:34:13.463+0800","caller":"init-tool/logger.go:36","msg":"init logger success"}
{"level":"ERROR","time":"2024-09-06T10:34:13.463+0800","caller":"init-tool/init-tools.go:21","msg":"init snowID failed,err: ","error":"parsing time \"\" as \"2006-01-02\": cannot parse \"\" as \"2006\""}
{"level":"INFO","time":"2024-09-06T10:36:35.093+0800","caller":"init-tool/logger.go:36","msg":"init logger success"}
{"level":"ERROR","time":"2024-09-06T10:36:35.128+0800","caller":"init-tool/init-tools.go:21","msg":"init snowID failed,err: ","error":"parsing time \"\" as \"2006-01-02\": cannot parse \"\" as \"2006\""}
{"level":"INFO","time":"2024-09-06T10:40:06.167+0800","caller":"init-tool/logger.go:36","msg":"init logger success"}
{"level":"ERROR","time":"2024-09-06T10:40:06.201+0800","caller":"init-tool/init-tools.go:21","msg":"init snowID failed,err: ","error":"parsing time \"\" as \"2006-01-02\": cannot parse \"\" as \"2006\""}
{"level":"INFO","time":"2024-09-06T10:40:40.329+0800","caller":"init-tool/logger.go:36","msg":"init logger success"}
{"level":"ERROR","time":"2024-09-06T10:40:40.372+0800","caller":"init-tool/init-tools.go:21","msg":"init snowID failed,err: ","error":"parsing time \"\" as \"2006-01-02\": cannot parse \"\" as \"2006\""}
{"level":"INFO","time":"2024-09-06T10:40:46.221+0800","caller":"init-tool/logger.go:36","msg":"init logger success"}
{"level":"ERROR","time":"2024-09-06T10:40:46.221+0800","caller":"init-tool/init-tools.go:21","msg":"init snowID failed,err: ","error":"parsing time \"\" as \"2006-01-02\": cannot parse \"\" as \"2006\""}
{"level":"INFO","time":"2024-09-06T10:41:49.218+0800","caller":"init-tool/logger.go:36","msg":"init logger success"}
{"level":"ERROR","time":"2024-09-06T10:41:49.245+0800","caller":"init-tool/init-tools.go:21","msg":"init snowID failed,err: ","error":"parsing time \"\" as \"2006-01-02\": cannot parse \"\" as \"2006\""}
{"level":"INFO","time":"2024-09-06T10:43:16.094+0800","caller":"init-tool/logger.go:36","msg":"init logger success"}
{"level":"ERROR","time":"2024-09-06T10:43:16.096+0800","caller":"init-tool/init-tools.go:21","msg":"init snowID failed,err: ","error":"parsing time \"\" as \"2006-01-02\": cannot parse \"\" as \"2006\""}
{"level":"INFO","time":"2024-09-06T10:44:12.287+0800","caller":"init-tool/logger.go:36","msg":"init logger success"}
{"level":"ERROR","time":"2024-09-06T10:44:12.288+0800","caller":"init-tool/init-tools.go:21","msg":"init snowID failed,err: ","error":"parsing time \"\" as \"2006-01-02\": cannot parse \"\" as \"2006\""}
{"level":"INFO","time":"2024-09-06T10:50:02.419+0800","caller":"init-tool/logger.go:36","msg":"init logger success"}
{"level":"ERROR","time":"2024-09-06T10:50:02.437+0800","caller":"init-tool/init-tools.go:21","msg":"init snowID failed,err: ","error":"parsing time \"\" as \"2006-01-02\": cannot parse \"\" as \"2006\""}
{"level":"INFO","time":"2024-09-06T10:51:09.694+0800","caller":"init-tool/logger.go:36","msg":"init logger success"}
{"level":"ERROR","time":"2024-09-06T10:51:09.695+0800","caller":"init-tool/init-tools.go:21","msg":"init snowID failed,err: ","error":"parsing time \"\" as \"2006-01-02\": cannot parse \"\" as \"2006\""}
{"level":"INFO","time":"2024-09-06T10:57:37.425+0800","caller":"init-tool/logger.go:36","msg":"init logger success"}
{"level":"ERROR","time":"2024-09-06T10:57:37.451+0800","caller":"init-tool/init-tools.go:21","msg":"init snowID failed,err: ","error":"parsing time \"\" as \"2006-01-02\": cannot parse \"\" as \"2006\""}
{"level":"INFO","time":"2024-09-06T10:59:09.744+0800","caller":"init-tool/logger.go:36","msg":"init logger success"}
{"level":"ERROR","time":"2024-09-06T10:59:09.745+0800","caller":"init-tool/init-tools.go:21","msg":"init snowID failed,err: ","error":"parsing time \"\" as \"2006-01-02\": cannot parse \"\" as \"2006\""}
{"level":"INFO","time":"2024-09-06T11:00:11.714+0800","caller":"init-tool/logger.go:36","msg":"init logger success"}
{"level":"ERROR","time":"2024-09-06T11:00:11.716+0800","caller":"init-tool/init-tools.go:21","msg":"init snowID failed,err: ","error":"parsing time \"\" as \"2006-01-02\": cannot parse \"\" as \"2006\""}
{"level":"INFO","time":"2024-09-06T11:00:40.728+0800","caller":"init-tool/logger.go:36","msg":"init logger success"}
{"level":"ERROR","time":"2024-09-06T11:00:40.730+0800","caller":"init-tool/init-tools.go:21","msg":"init snowID failed,err: ","error":"parsing time \"\" as \"2006-01-02\": cannot parse \"\" as \"2006\""}
{"level":"INFO","time":"2024-09-06T11:01:06.694+0800","caller":"init-tool/logger.go:36","msg":"init logger success"}
{"level":"ERROR","time":"2024-09-06T11:01:06.695+0800","caller":"init-tool/init-tools.go:21","msg":"init snowID failed,err: ","error":"parsing time \"\" as \"2006-01-02\": cannot parse \"\" as \"2006\""}
{"level":"INFO","time":"2024-09-06T11:01:55.126+0800","caller":"init-tool/logger.go:36","msg":"init logger success"}
{"level":"ERROR","time":"2024-09-06T11:01:55.126+0800","caller":"init-tool/init-tools.go:21","msg":"init snowID failed,err: ","error":"parsing time \"\" as \"2006-01-02\": cannot parse \"\" as \"2006\""}
{"level":"INFO","time":"2024-09-06T11:05:08.783+0800","caller":"init-tool/logger.go:36","msg":"init logger success"}
{"level":"ERROR","time":"2024-09-06T11:05:08.823+0800","caller":"init-tool/init-tools.go:21","msg":"init snowID failed,err: ","error":"parsing time \"\" as \"2006-01-02\": cannot parse \"\" as \"2006\""}
{"level":"INFO","time":"2024-09-06T11:05:38.780+0800","caller":"init-tool/logger.go:36","msg":"init logger success"}
{"level":"ERROR","time":"2024-09-06T11:05:38.780+0800","caller":"init-tool/init-tools.go:21","msg":"init snowID failed,err: ","error":"parsing time \"\" as \"2006-01-02\": cannot parse \"\" as \"2006\""}
{"level":"INFO","time":"2024-09-06T11:07:26.399+0800","caller":"init-tool/logger.go:36","msg":"init logger success"}
{"level":"ERROR","time":"2024-09-06T11:07:26.400+0800","caller":"init-tool/init-tools.go:21","msg":"init snowID failed,err: ","error":"parsing time \"\" as \"2006-01-02\": cannot parse \"\" as \"2006\""}
{"level":"INFO","time":"2024-09-06T11:07:47.220+0800","caller":"init-tool/logger.go:36","msg":"init logger success"}
{"level":"ERROR","time":"2024-09-06T11:07:47.220+0800","caller":"init-tool/init-tools.go:21","msg":"init snowID failed,err: ","error":"parsing time \"\" as \"2006-01-02\": cannot parse \"\" as \"2006\""}
{"level":"INFO","time":"2024-09-06T11:08:48.823+0800","caller":"init-tool/logger.go:36","msg":"init logger success"}
{"level":"ERROR","time":"2024-09-06T11:08:48.824+0800","caller":"init-tool/init-tools.go:21","msg":"init snowID failed,err: ","error":"parsing time \"\" as \"2006-01-02\": cannot parse \"\" as \"2006\""}
{"level":"INFO","time":"2024-09-06T11:09:20.876+0800","caller":"init-tool/logger.go:36","msg":"init logger success"}
{"level":"ERROR","time":"2024-09-06T11:09:20.877+0800","caller":"init-tool/init-tools.go:21","msg":"init snowID failed,err: ","error":"parsing time \"\" as \"2006-01-02\": cannot parse \"\" as \"2006\""}
{"level":"INFO","time":"2024-09-06T11:10:12.456+0800","caller":"init-tool/logger.go:36","msg":"init logger success"}
{"level":"ERROR","time":"2024-09-06T11:10:12.457+0800","caller":"init-tool/init-tools.go:21","msg":"init snowID failed,err: ","error":"parsing time \"\" as \"2006-01-02\": cannot parse \"\" as \"2006\""}
{"level":"INFO","time":"2024-09-06T11:10:46.476+0800","caller":"init-tool/logger.go:36","msg":"init logger success"}
{"level":"ERROR","time":"2024-09-06T11:10:46.477+0800","caller":"init-tool/init-tools.go:21","msg":"init snowID failed,err: ","error":"parsing time \"\" as \"2006-01-02\": cannot parse \"\" as \"2006\""}
{"level":"INFO","time":"2024-09-06T11:11:07.045+0800","caller":"init-tool/logger.go:36","msg":"init logger success"}
{"level":"ERROR","time":"2024-09-06T11:11:07.045+0800","caller":"init-tool/init-tools.go:21","msg":"init snowID failed,err: ","error":"parsing time \"\" as \"2006-01-02\": cannot parse \"\" as \"2006\""}
{"level":"INFO","time":"2024-09-06T11:22:28.217+0800","caller":"init-tool/logger.go:36","msg":"init logger success"}
{"level":"ERROR","time":"2024-09-06T11:22:28.241+0800","caller":"init-tool/init-tools.go:21","msg":"init snowID failed,err: ","error":"parsing time \"\" as \"2006-01-02\": cannot parse \"\" as \"2006\""}
{"level":"INFO","time":"2024-09-06T11:23:17.217+0800","caller":"init-tool/logger.go:36","msg":"init logger success"}
{"level":"ERROR","time":"2024-09-06T11:23:17.218+0800","caller":"init-tool/init-tools.go:21","msg":"init snowID failed,err: ","error":"parsing time \"\" as \"2006-01-02\": cannot parse \"\" as \"2006\""}
{"level":"INFO","time":"2024-09-06T11:23:55.492+0800","caller":"init-tool/logger.go:36","msg":"init logger success"}
{"level":"ERROR","time":"2024-09-06T11:23:55.492+0800","caller":"init-tool/init-tools.go:21","msg":"init snowID failed,err: ","error":"parsing time \"\" as \"2006-01-02\": cannot parse \"\" as \"2006\""}
{"level":"INFO","time":"2024-09-06T15:23:33.772+0800","caller":"init-tool/logger.go:36","msg":"init logger success"}
{"level":"ERROR","time":"2024-09-06T15:23:33.787+0800","caller":"init-tool/init-tools.go:21","msg":"init snowID failed,err: ","error":"parsing time \"\" as \"2006-01-02\": cannot parse \"\" as \"2006\""}
{"level":"INFO","time":"2024-09-06T15:24:15.083+0800","caller":"init-tool/logger.go:36","msg":"init logger success"}
{"level":"ERROR","time":"2024-09-06T15:24:15.085+0800","caller":"init-tool/init-tools.go:21","msg":"init snowID failed,err: ","error":"parsing time \"\" as \"2006-01-02\": cannot parse \"\" as \"2006\""}
{"level":"INFO","time":"2024-09-06T15:26:08.403+0800","caller":"init-tool/logger.go:36","msg":"init logger success"}
{"level":"ERROR","time":"2024-09-06T15:26:08.404+0800","caller":"init-tool/init-tools.go:21","msg":"init snowID failed,err: ","error":"parsing time \"\" as \"2006-01-02\": cannot parse \"\" as \"2006\""}
{"level":"INFO","time":"2024-09-06T15:30:03.785+0800","caller":"init-tool/logger.go:36","msg":"init logger success"}
{"level":"ERROR","time":"2024-09-06T15:30:03.807+0800","caller":"init-tool/init-tools.go:21","msg":"init snowID failed,err: ","error":"parsing time \"\" as \"2006-01-02\": cannot parse \"\" as \"2006\""}
{"level":"INFO","time":"2024-09-06T15:30:12.543+0800","caller":"init-tool/logger.go:36","msg":"init logger success"}
{"level":"ERROR","time":"2024-09-06T15:30:12.543+0800","caller":"init-tool/init-tools.go:21","msg":"init snowID failed,err: ","error":"parsing time \"\" as \"2006-01-02\": cannot parse \"\" as \"2006\""}
